[2012-03-21 09:58:38] request.ERROR: Symfony\Component\HttpKernel\Exception\NotFoundHttpException: No route found for "GET /" (uncaught exception) at /Users/shentov/Sites/jobeet/vendor/symfony/src/Symfony/Bundle/FrameworkBundle/EventListener/RouterListener.php line 83 [] []
[2012-03-21 09:58:39] request.ERROR: Symfony\Component\HttpKernel\Exception\NotFoundHttpException: No route found for "GET /" (uncaught exception) at /Users/shentov/Sites/jobeet/vendor/symfony/src/Symfony/Bundle/FrameworkBundle/EventListener/RouterListener.php line 83 [] []
[2012-03-21 09:58:40] request.ERROR: Symfony\Component\HttpKernel\Exception\NotFoundHttpException: No route found for "GET /" (uncaught exception) at /Users/shentov/Sites/jobeet/app/cache/prod/classes.php line 4564 [] []
[2012-03-21 09:58:44] request.ERROR: Symfony\Component\HttpKernel\Exception\NotFoundHttpException: No route found for "GET /" (uncaught exception) at /Users/shentov/Sites/jobeet/app/cache/prod/classes.php line 4564 [] []
[2012-03-21 09:58:46] request.ERROR: Symfony\Component\HttpKernel\Exception\NotFoundHttpException: No route found for "GET /" (uncaught exception) at /Users/shentov/Sites/jobeet/app/cache/prod/classes.php line 4564 [] []
[2012-03-21 09:58:48] request.ERROR: Symfony\Component\HttpKernel\Exception\NotFoundHttpException: No route found for "GET /" (uncaught exception) at /Users/shentov/Sites/jobeet/app/cache/prod/classes.php line 4564 [] []
[2012-03-21 09:58:50] request.ERROR: Symfony\Component\HttpKernel\Exception\NotFoundHttpException: No route found for "GET /web" (uncaught exception) at /Users/shentov/Sites/jobeet/app/cache/prod/classes.php line 4564 [] []
[2012-03-21 09:58:55] request.ERROR: Symfony\Component\HttpKernel\Exception\NotFoundHttpException: No route found for "GET /index.php" (uncaught exception) at /Users/shentov/Sites/jobeet/app/cache/prod/classes.php line 4564 [] []
[2012-03-21 09:58:58] request.ERROR: Symfony\Component\HttpKernel\Exception\NotFoundHttpException: No route found for "GET /" (uncaught exception) at /Users/shentov/Sites/jobeet/app/cache/prod/classes.php line 4564 [] []
[2012-03-21 09:59:02] request.ERROR: Symfony\Component\HttpKernel\Exception\NotFoundHttpException: No route found for "GET /" (uncaught exception) at /Users/shentov/Sites/jobeet/app/cache/prod/classes.php line 4564 [] []
[2012-03-21 09:59:10] request.ERROR: Symfony\Component\HttpKernel\Exception\NotFoundHttpException: No route found for "GET /" (uncaught exception) at /Users/shentov/Sites/jobeet/app/cache/prod/classes.php line 4564 [] []
[2012-03-21 09:59:14] request.ERROR: Symfony\Component\HttpKernel\Exception\NotFoundHttpException: No route found for "GET /" (uncaught exception) at /Users/shentov/Sites/jobeet/app/cache/prod/classes.php line 4564 [] []
[2012-03-21 09:59:21] request.ERROR: Symfony\Component\HttpKernel\Exception\NotFoundHttpException: No route found for "GET /Jobeet" (uncaught exception) at /Users/shentov/Sites/jobeet/app/cache/prod/classes.php line 4564 [] []
[2012-03-21 09:59:30] request.ERROR: Symfony\Component\HttpKernel\Exception\NotFoundHttpException: No route found for "GET /Jobeet/web/app_dev.php" (uncaught exception) at /Users/shentov/Sites/jobeet/app/cache/prod/classes.php line 4564 [] []
[2012-03-21 09:59:36] request.ERROR: Symfony\Component\HttpKernel\Exception\NotFoundHttpException: No route found for "GET /" (uncaught exception) at /Users/shentov/Sites/jobeet/app/cache/prod/classes.php line 4564 [] []
[2012-03-21 09:59:38] request.ERROR: Symfony\Component\HttpKernel\Exception\NotFoundHttpException: No route found for "GET /" (uncaught exception) at /Users/shentov/Sites/jobeet/app/cache/prod/classes.php line 4564 [] []
[2012-03-21 10:00:05] request.ERROR: Symfony\Component\HttpKernel\Exception\NotFoundHttpException: No route found for "GET /Symfony/" (uncaught exception) at /Users/shentov/Sites/jobeet/app/cache/prod/classes.php line 4564 [] []
[2012-03-21 10:00:11] request.ERROR: Symfony\Component\HttpKernel\Exception\NotFoundHttpException: No route found for "GET /Symfony/web/app_dev.php/demo/hello/Fabien" (uncaught exception) at /Users/shentov/Sites/jobeet/app/cache/prod/classes.php line 4564 [] []
[2012-03-21 10:03:24] request.ERROR: Symfony\Component\HttpKernel\Exception\NotFoundHttpException: No route found for "GET /Symfony/web/app_dev.php/demo/hello/Fabien" (uncaught exception) at /Users/shentov/Sites/Jobeet/app/cache/prod/classes.php line 4564 [] []
[2012-03-21 10:03:25] request.ERROR: Symfony\Component\HttpKernel\Exception\NotFoundHttpException: No route found for "GET /Symfony/web/app_dev.php/demo/hello/Fabien" (uncaught exception) at /Users/shentov/Sites/Jobeet/app/cache/prod/classes.php line 4564 [] []
[2012-03-21 10:03:28] request.ERROR: Symfony\Component\HttpKernel\Exception\NotFoundHttpException: No route found for "GET /Symfony/web/app_dev.php/demo" (uncaught exception) at /Users/shentov/Sites/Jobeet/app/cache/prod/classes.php line 4564 [] []
[2012-03-21 10:03:30] request.ERROR: Symfony\Component\HttpKernel\Exception\NotFoundHttpException: No route found for "GET /Symfony/web/app_dev.php" (uncaught exception) at /Users/shentov/Sites/Jobeet/app/cache/prod/classes.php line 4564 [] []
[2012-03-21 10:03:36] request.ERROR: Symfony\Component\HttpKernel\Exception\NotFoundHttpException: No route found for "GET /Jobeet/web/app_dev.php" (uncaught exception) at /Users/shentov/Sites/Jobeet/app/cache/prod/classes.php line 4564 [] []
[2012-03-21 10:03:39] request.ERROR: Symfony\Component\HttpKernel\Exception\NotFoundHttpException: No route found for "GET /" (uncaught exception) at /Users/shentov/Sites/Jobeet/app/cache/prod/classes.php line 4564 [] []
[2012-03-21 10:03:41] request.ERROR: Symfony\Component\HttpKernel\Exception\NotFoundHttpException: No route found for "GET /" (uncaught exception) at /Users/shentov/Sites/Jobeet/app/cache/prod/classes.php line 4564 [] []
[2012-03-21 10:03:44] request.ERROR: Symfony\Component\HttpKernel\Exception\NotFoundHttpException: No route found for "GET /" (uncaught exception) at /Users/shentov/Sites/Jobeet/app/cache/prod/classes.php line 4564 [] []
[2012-03-21 10:03:46] request.ERROR: Symfony\Component\HttpKernel\Exception\NotFoundHttpException: No route found for "GET /" (uncaught exception) at /Users/shentov/Sites/Jobeet/app/cache/prod/classes.php line 4564 [] []
[2012-03-21 10:03:47] request.ERROR: Symfony\Component\HttpKernel\Exception\NotFoundHttpException: No route found for "GET /" (uncaught exception) at /Users/shentov/Sites/Jobeet/app/cache/prod/classes.php line 4564 [] []
[2012-03-21 10:03:50] request.ERROR: Symfony\Component\HttpKernel\Exception\NotFoundHttpException: No route found for "GET /" (uncaught exception) at /Users/shentov/Sites/Jobeet/app/cache/prod/classes.php line 4564 [] []
[2012-03-21 10:04:26] request.ERROR: Symfony\Component\HttpKernel\Exception\NotFoundHttpException: No route found for "GET /" (uncaught exception) at /Users/shentov/Sites/Jobeet/app/cache/prod/classes.php line 4564 [] []
[2012-03-21 10:04:32] request.ERROR: Symfony\Component\HttpKernel\Exception\NotFoundHttpException: No route found for "GET /" (uncaught exception) at /Users/shentov/Sites/Jobeet/app/cache/prod/classes.php line 4564 [] []
[2012-03-21 10:04:36] request.ERROR: Symfony\Component\HttpKernel\Exception\NotFoundHttpException: No route found for "GET /Symfony/web/app_dev.php/demo/hello/Fabien" (uncaught exception) at /Users/shentov/Sites/Jobeet/app/cache/prod/classes.php line 4564 [] []
[2012-03-21 10:04:54] request.ERROR: Symfony\Component\HttpKernel\Exception\NotFoundHttpException: No route found for "GET /" (uncaught exception) at /Users/shentov/Sites/Jobeet/app/cache/prod/classes.php line 4564 [] []
